UMLocalPlayer/proguard/seeds.txt
com.unionman.filebrowser.MyMediaActivity
com.unionman.filebrowser.MyMediaActivity: MyMediaActivity()
com.unionman.filebrowser.MyMediaActivity: void testPop(android.view.View)
com.unionman.filebrowser.R$array: int fileEndingAudio
com.unionman.filebrowser.R$array: int fileEndingExcel
com.unionman.filebrowser.R$array: int fileEndingImage
com.unionman.filebrowser.R$array: int fileEndingPPT
com.unionman.filebrowser.R$array: int fileEndingPackage
com.unionman.filebrowser.R$array: int fileEndingPdf
com.unionman.filebrowser.R$array: int fileEndingText
com.unionman.filebrowser.R$array: int fileEndingVideo
com.unionman.filebrowser.R$array: int fileEndingWebText
com.unionman.filebrowser.R$array: int fileEndingWord
com.unionman.filebrowser.R$array: int filter_method
com.unionman.filebrowser.R$array: int mountType
com.unionman.filebrowser.R$array: int show_method
com.unionman.filebrowser.R$array: int sort_method
com.unionman.filebrowser.R$color: int bantouming
com.unionman.filebrowser.R$color: int black
com.unionman.filebrowser.R$color: int blue
com.unionman.filebrowser.R$color: int hui_black
com.unionman.filebrowser.R$color: int toast_bg
com.unionman.filebrowser.R$color: int white
com.unionman.filebrowser.R$color: int widget_title
com.unionman.filebrowser.R$color: int x_black
com.unionman.filebrowser.R$dimen: int button_size
com.unionman.filebrowser.R$dimen: int file_item_name_text_size
com.unionman.filebrowser.R$dimen: int music_list_title
com.unionman.filebrowser.R$dimen: int music_title
com.unionman.filebrowser.R$dimen: int news_detail
com.unionman.filebrowser.R$dimen: int news_item_title
com.unionman.filebrowser.R$dimen: int text_size
com.unionman.filebrowser.R$dimen: int text_size1
com.unionman.filebrowser.R$dimen: int title
com.unionman.filebrowser.R$dimen: int widget_title_size
com.unionman.filebrowser.R$drawable: int blank
com.unionman.filebrowser.R$drawable: int btn_check_off_holo_light
com.unionman.filebrowser.R$drawable: int btn_check_on_holo_light
com.unionman.filebrowser.R$drawable: int chinamobile
com.unionman.filebrowser.R$drawable: int delete
com.unionman.filebrowser.R$drawable: int device_sd
com.unionman.filebrowser.R$drawable: int device_sd_focus
com.unionman.filebrowser.R$drawable: int device_sdcard_bg
com.unionman.filebrowser.R$drawable: int device_usb
com.unionman.filebrowser.R$drawable: int device_usb_bg
com.unionman.filebrowser.R$drawable: int device_usb_focus
com.unionman.filebrowser.R$drawable: int file_apk
com.unionman.filebrowser.R$drawable: int file_folder
com.unionman.filebrowser.R$drawable: int file_img
com.unionman.filebrowser.R$drawable: int file_mp3
com.unionman.filebrowser.R$drawable: int file_other
com.unionman.filebrowser.R$drawable: int file_pdf
com.unionman.filebrowser.R$drawable: int file_vedio
com.unionman.filebrowser.R$drawable: int gridview_bg
com.unionman.filebrowser.R$drawable: int gridview_selected_bg
com.unionman.filebrowser.R$drawable: int head_bg
com.unionman.filebrowser.R$drawable: int head_style_grid
com.unionman.filebrowser.R$drawable: int head_style_list
com.unionman.filebrowser.R$drawable: int ic_launcher
com.unionman.filebrowser.R$drawable: int icon
com.unionman.filebrowser.R$drawable: int item_selected
com.unionman.filebrowser.R$drawable: int listview_selected_bg