UMLocalPlayer/proguard/mapping.txt
com.unionman.filebrowser.MyMediaActivity -> com.unionman.filebrowser.MyMediaActivity:
    java.lang.String TAG -> a
    com.unionman.filebrowser.localplayer.util.AnimationEffect animEffect -> L
    android.view.LayoutInflater mInflater -> M
    android.widget.LinearLayout ll_mounted_equipment -> N
    android.widget.GridView gvMountedDevice -> O
    android.widget.ImageView ivDeviceIcon -> P
    android.widget.TextView tvDeviceName -> Q
    android.widget.TextView tvVersion -> R
    android.widget.LinearLayout ll_choose_type -> S
    android.widget.ImageButton ibTypeAll -> T
    android.widget.ImageButton ibTypeMoive -> U
    android.widget.ImageButton ibTypeMusic -> V
    android.widget.ImageButton ibTypeImage -> W
    android.widget.ImageView ivCopyAll -> X
    android.widget.ImageView ivCopyMoive -> Y
    android.widget.ImageView ivCopyMusic -> Z
    android.widget.ImageView ivCopyImage -> aa
    android.widget.GridView gv_bottomMenu -> ab
    int[] gv_bottomMenu_icon -> ac
    java.lang.String[] gv_bottomMenu_name -> ad
    java.lang.Boolean delete_click -> ae
    java.lang.Boolean isCheckBoxSelected -> b
    android.content.Context context -> af
    int isSelectedNumber -> ag
    java.util.List groupList -> c
    java.util.List childList -> d
    java.util.List intList -> e
    int clickPos -> f
    int myPosition -> ah
    com.unionman.filebrowser.localplayer.util.FileUtil util -> g
    int menu_item -> h
    java.util.List selectList -> i
com.unionman.filebrowser.MyMediaActivity$1 -> com.unionman.filebrowser.a:
    com.unionman.filebrowser.MyMediaActivity this$0 -> a
    void onReceive(android.content.Context,android.content.Intent) -> onReceive
com.unionman.filebrowser.MyMediaActivity$10 -> com.unionman.filebrowser.b:
    com.unionman.filebrowser.MyMediaActivity this$0 -> a
    java.util.List val$deleteFilesList -> b
    void run() -> run
com.unionman.filebrowser.MyMediaActivity$11 -> com.unionman.filebrowser.c:
    com.unionman.filebrowser.MyMediaActivity this$0 -> a
    void onItemClick(android.widget.AdapterView,android.view.View,int,long) -> onItemClick
    void updateByType(int) -> a
    void access$0(com.unionman.filebrowser.MyMediaActivity$11,int) -> a
    com.unionman.filebrowser.MyMediaActivity access$1(com.unionman.filebrowser.MyMediaActivity$11) -> a
com.unionman.filebrowser.MyMediaActivity$11$1 -> com.unionman.filebrowser.d:
    com.unionman.filebrowser.MyMediaActivity$11 this$1 -> a
    int val$position -> b
    void onClick(android.view.View) -> onClick
com.unionman.filebrowser.MyMediaActivity$11$2 -> com.unionman.filebrowser.e:
    com.unionman.filebrowser.MyMediaActivity$11 this$1 -> a
    int val$position -> b
    void onClick(android.view.View) -> onClick
com.unionman.filebrowser.MyMediaActivity$11$3 -> com.unionman.filebrowser.f:
    com.unionman.filebrowser.MyMediaActivity$11 this$1 -> a
    int val$position -> b
    void onClick(android.view.View) -> onClick
com.unionman.filebrowser.MyMediaActivity$11$4 -> com.unionman.filebrowser.g:
    com.unionman.filebrowser.MyMediaActivity$11 this$1 -> a
    int val$position -> b
    void onClick(android.view.View) -> onClick
com.unionman.filebrowser.MyMediaActivity$12 -> com.unionman.filebrowser.h:
    com.unionman.filebrowser.MyMediaActivity this$0 -> a
    void onItemSelected(android.widget.AdapterView,android.view.View,int,long) -> onItemSelected
    void onNothingSelected(android.widget.AdapterView) -> onNothingSelected
com.unionman.filebrowser.MyMediaActivity$13 -> com.unionman.filebrowser.i:
    com.unionman.filebrowser.MyMediaActivity this$0 -> a
    void onCancel(android.content.DialogInterface) -> onCancel
com.unionman.filebrowser.MyMediaActivity$14 -> com.unionman.filebrowser.j:
    com.unionman.filebrowser.MyMediaActivity this$0 -> a
    android.app.AlertDialog val$alert -> b
    void onClick(android.content.DialogInterface,int) -> onClick