UMLocalPlayer/proguard/usage.txt
com.unionman.filebrowser.BuildConfig
com.unionman.filebrowser.MyMediaActivity:
    static final java.lang.String MOUNT_LABLE
    static final java.lang.String MOUNT_TYPE
    static final java.lang.String MOUNT_PATH
    static final java.lang.String MOUNT_NAME
    static final int DELETE_POSITION
    static final int SEARCH_POSITION
    static final int ORDER_POSITION
    private static final int SORT_FILE_OK
    private static final int SEARCH_FILE_OK
    private static final int DELETE_FILE_OK
    private static final int DELETE_FILE_ERRO
    private static final int DELETE_SUCCEED_DIALOG
    private static final int DELETE_ASK_DIALOG
    private android.widget.LinearLayout ll_bottom_menu
    private android.widget.CheckBox lv_item_checkbox
    android.widget.ListView list
    java.util.List groupmap
    private static final java.lang.String ACTION_VIDEO
    private static final java.lang.String ACTION_PICTURE
    private static final java.lang.String ACTION_MUSIC
    private static final java.lang.String ACTION_FILE
    private static final int FROM_VIDEO
    private static final int FROM_MUSIC
    private static final int FROM_PICTURE
    private static final int FROM_FILE
com.unionman.filebrowser.R
com.unionman.filebrowser.R$array
com.unionman.filebrowser.R$attr
com.unionman.filebrowser.R$color
com.unionman.filebrowser.R$dimen
com.unionman.filebrowser.R$drawable
com.unionman.filebrowser.R$id
com.unionman.filebrowser.R$layout
com.unionman.filebrowser.R$string
com.unionman.filebrowser.R$style
com.unionman.filebrowser.localplayer.BaseActivity:
    protected static final int UPDATE_LIST
    protected static final int SHARE_MODE
    static final java.lang.String MUSIC_PATH
    public abstract void fill(java.io.File)
    public abstract void getFiles(java.lang.String)
com.unionman.filebrowser.localplayer.CustomProgressDialog:
    15:16:public CustomProgressDialog(android.content.Context,int)
    26:28:public static com.unionman.filebrowser.localplayer.CustomProgressDialog show(android.content.Context)
com.unionman.filebrowser.localplayer.adapter.DeviceAdapter:
    private static final java.lang.String TAG
com.unionman.filebrowser.localplayer.adapter.FileAdapter:
    private static final java.lang.String TAG
    public static final int IMAGE
    public static final int VIDEO
    149:150:public void addFile(java.io.File)
    153:154:public void addDir(int,java.io.File)
    171:171:public java.util.List getFiles()
    193:194:public static void setIsSelected(java.util.Map)
    297:301:private android.graphics.Bitmap getVideoBitmap(java.lang.String)
    305:321:public android.graphics.Bitmap getVideoThumbnail(java.lang.String)
com.unionman.filebrowser.localplayer.bean.FileInfo
com.unionman.filebrowser.localplayer.bean.GroupInfo:
    16:18:public GroupInfo(java.lang.String)
    21:21:public java.lang.String getName()
    29:29:public java.util.List getChildList()
com.unionman.filebrowser.localplayer.bean.Result
com.unionman.filebrowser.localplayer.util.AnimationEffect:
    16:20:public android.view.animation.Animation alphaAnimation(float,float,long,long)
com.unionman.filebrowser.localplayer.util.AsynImageLoader$LoaderThread:
    223:226:private android.graphics.Bitmap getVideoBitmap(java.lang.String)
com.unionman.filebrowser.localplayer.util.FileUtil:
    private static final java.lang.String TAG
    private android.widget.EditText myEditText
    66:68:public FileUtil(com.unionman.filebrowser.localplayer.BaseActivity)
    78:85:public FileUtil(com.unionman.filebrowser.localplayer.BaseActivity,int,java.util.List,java.util.List,java.lang.String)
    157:191:public static java.lang.String getMIMEType(java.lang.String,com.unionman.filebrowser.localplayer.BaseActivity)
    319:327:public static long getDate(java.lang.String)
    376:383:private static int compareByName(java.lang.String,java.lang.String)
com.unionman.filebrowser.localplayer.util.FilterType:
    10:10:public FilterType()